<?xml version="1.0" encoding="UTF-8"?>
<!-- Generated by org.testng.reporters.JUnitReportReporter -->
<testsuite skipped="0" hostname="LP-PF280AWD" name="Listeners.newtestngclass" tests="1" failures="0" timestamp="25 Aug 2021 12:35:30 GMT" time="9.896" errors="0">
  <testcase name="verifyTitle" time="9.896" classname="Listeners.newtestngclass"/>
</testsuite> <!-- Listeners.newtestngclass -->
