<?xml version="1.0" encoding="UTF-8"?>
<!-- Generated by org.testng.reporters.JUnitReportReporter -->
<testsuite skipped="0" hostname="LP-PF280AWD" name="package2.cookiesprg" tests="1" failures="0" timestamp="26 Aug 2021 05:08:19 GMT" time="47.407" errors="0">
  <testcase name="f" time="47.407" classname="package2.cookiesprg"/>
</testsuite> <!-- package2.cookiesprg -->
