<?xml version="1.0" encoding="UTF-8"?>
<!-- Generated by org.testng.reporters.JUnitReportReporter -->
<testsuite skipped="0" hostname="LP-PF280AWD" name="javapackage1.packagejava" tests="1" failures="0" timestamp="25 Aug 2021 10:52:58 GMT" time="44.687" errors="0">
  <testcase name="test" time="44.687" classname="javapackage1.packagejava"/>
</testsuite> <!-- javapackage1.packagejava -->
